2025-12-05 20:52:41 - JobScraper - INFO - Attempting to scrape RemoteOK
2025-12-05 20:52:46 - JobScraper - INFO - Attempting to scrape RemoteOK
2025-12-05 20:52:47 - JobScraper - INFO - Attempting to scrape Remotive
2025-12-05 20:52:48 - JobScraper - INFO - Attempting to scrape Arbeitnow
2025-12-05 20:52:49 - JobScraper - INFO - Search 'Data Scientist' completed: 18 jobs returned
2025-12-05 20:59:52 - JobScraper - INFO - Attempting to scrape RemoteOK
2025-12-05 20:59:54 - JobScraper - INFO - Attempting to scrape Remotive
2025-12-05 20:59:56 - JobScraper - INFO - Attempting to scrape Arbeitnow
2025-12-05 20:59:57 - JobScraper - INFO - Attempting to scrape Adzuna
2025-12-05 20:59:57 - JobScraper - INFO - Attempting to scrape Reed.co.uk
2025-12-05 20:59:58 - JobScraper - INFO - Attempting to scrape Jobicy
2025-12-05 20:59:59 - JobScraper - INFO - Search 'Python Developer' completed: 10 jobs returned
2025-12-05 21:06:10 - JobScraper - INFO - Attempting to scrape RemoteOK
2025-12-05 21:06:11 - JobScraper - INFO - Attempting to scrape Remotive
2025-12-05 21:06:12 - JobScraper - INFO - Attempting to scrape Arbeitnow
2025-12-05 21:06:13 - JobScraper - INFO - Attempting to scrape Adzuna
2025-12-05 21:06:14 - JobScraper - INFO - Attempting to scrape Reed.co.uk
2025-12-05 21:06:14 - JobScraper - INFO - Attempting to scrape Jobicy
2025-12-05 21:06:16 - JobScraper - INFO - Attempting to scrape Wuzzuf
2025-12-05 21:06:17 - JobScraper - INFO - Search 'Python Developer' completed: 10 jobs returned
2025-12-05 21:14:05 - JobScraper - INFO - Attempting to scrape RemoteOK
2025-12-05 21:14:06 - JobScraper - INFO - Attempting to scrape Remotive
2025-12-05 21:14:07 - JobScraper - INFO - Attempting to scrape Arbeitnow
2025-12-05 21:14:08 - JobScraper - INFO - Attempting to scrape Adzuna
2025-12-05 21:14:10 - JobScraper - INFO - Attempting to scrape Jobicy
2025-12-05 21:14:11 - JobScraper - INFO - Attempting to scrape Wuzzuf
2025-12-05 21:14:13 - JobScraper - INFO - Search 'Data Scientist' completed: 20 jobs returned
2025-12-05 21:53:03 - JobScraper - INFO - Attempting to scrape RemoteOK
2025-12-05 21:53:05 - JobScraper - INFO - Attempting to scrape Remotive
2025-12-05 21:53:08 - JobScraper - INFO - Attempting to scrape RemoteOK
2025-12-05 21:53:09 - JobScraper - INFO - Attempting to scrape Remotive
2025-12-05 21:53:10 - JobScraper - INFO - Attempting to scrape Arbeitnow
2025-12-05 21:53:11 - JobScraper - INFO - Attempting to scrape Adzuna
2025-12-05 21:53:13 - JobScraper - INFO - Attempting to scrape Jobicy
2025-12-05 21:53:14 - JobScraper - INFO - Attempting to scrape Wuzzuf
2025-12-05 21:53:17 - JobScraper - INFO - Search 'Data Scientist' completed: 20 jobs returned
2025-12-05 22:08:04 - JobScraper - INFO - Attempting to scrape RemoteOK
2025-12-05 22:08:05 - JobScraper - INFO - Attempting to scrape Remotive
2025-12-05 22:08:06 - JobScraper - INFO - Attempting to scrape Arbeitnow
2025-12-05 22:08:07 - JobScraper - INFO - Attempting to scrape Adzuna
2025-12-05 23:20:59 - JobScraper - INFO - Attempting to scrape RemoteOK
2025-12-05 23:21:21 - JobScraper - INFO - Attempting to scrape RemoteOK
2025-12-05 23:21:26 - JobScraper - INFO - Attempting to scrape Remotive
2025-12-05 23:21:28 - JobScraper - INFO - Attempting to scrape Arbeitnow
2025-12-05 23:21:29 - JobScraper - INFO - Attempting to scrape Adzuna
2025-12-05 23:21:30 - JobScraper - INFO - Attempting to scrape Jobicy
2025-12-05 23:21:32 - JobScraper - INFO - Search 'Python Developer' completed: 20 jobs returned
2025-12-05 23:27:01 - JobScraper - INFO - Attempting to scrape RemoteOK
2025-12-05 23:27:02 - JobScraper - INFO - Attempting to scrape Remotive
2025-12-05 23:27:04 - JobScraper - INFO - Attempting to scrape Arbeitnow
2025-12-05 23:27:05 - JobScraper - INFO - Attempting to scrape Adzuna
2025-12-05 23:27:07 - JobScraper - INFO - Attempting to scrape Jobicy
2025-12-05 23:27:08 - JobScraper - INFO - Search 'Java Developer' completed: 20 jobs returned
2025-12-05 23:33:32 - JobScraper - INFO - Attempting to scrape RemoteOK
2025-12-05 23:33:34 - JobScraper - INFO - Attempting to scrape Remotive
2025-12-05 23:33:35 - JobScraper - INFO - Attempting to scrape Arbeitnow
2025-12-05 23:33:36 - JobScraper - INFO - Attempting to scrape Adzuna
2025-12-05 23:33:38 - JobScraper - INFO - Attempting to scrape Jobicy
2025-12-05 23:33:39 - JobScraper - INFO - Attempting to scrape Wuzzuf
2025-12-05 23:33:42 - JobScraper - INFO - Search 'Software Engineer' completed: 20 jobs returned
2025-12-05 23:34:29 - JobScraper - INFO - Attempting to scrape RemoteOK
2025-12-05 23:34:30 - JobScraper - INFO - Attempting to scrape Remotive
2025-12-05 23:34:32 - JobScraper - INFO - Attempting to scrape Arbeitnow
2025-12-05 23:34:34 - JobScraper - INFO - Attempting to scrape Adzuna
2025-12-05 23:34:35 - JobScraper - INFO - Attempting to scrape Jobicy
2025-12-05 23:34:37 - JobScraper - INFO - Attempting to scrape Wuzzuf
2025-12-05 23:34:39 - JobScraper - INFO - Search 'Data Scientist' completed: 20 jobs returned
2025-12-05 23:36:48 - JobScraper - INFO - Attempting to scrape RemoteOK
2025-12-05 23:36:49 - JobScraper - INFO - Attempting to scrape Remotive
2025-12-05 23:36:51 - JobScraper - INFO - Attempting to scrape Arbeitnow
2025-12-05 23:36:52 - JobScraper - INFO - Attempting to scrape Adzuna
2025-12-05 23:36:54 - JobScraper - INFO - Attempting to scrape Jobicy
2025-12-05 23:36:55 - JobScraper - INFO - Attempting to scrape Wuzzuf
2025-12-05 23:36:57 - JobScraper - INFO - Search 'Data Scientist' completed: 20 jobs returned
